c:\users\david\documents\visual studio 2015\projects\elevatorsimulation\elevatorsimulation\debug\elevatorsimulation.pch
c:\users\david\documents\visual studio 2015\projects\elevatorsimulation\elevatorsimulation\debug\vc140.pdb
c:\users\david\documents\visual studio 2015\projects\elevatorsimulation\elevatorsimulation\debug\vc140.idb
c:\users\david\documents\visual studio 2015\projects\elevatorsimulation\elevatorsimulation\debug\stdafx.obj
c:\users\david\documents\visual studio 2015\projects\elevatorsimulation\elevatorsimulation\debug\callbutton.obj
c:\users\david\documents\visual studio 2015\projects\elevatorsimulation\elevatorsimulation\debug\elevatorshaft.obj
c:\users\david\documents\visual studio 2015\projects\elevatorsimulation\elevatorsimulation\debug\floor.obj
c:\users\david\documents\visual studio 2015\projects\elevatorsimulation\elevatorsimulation\debug\simulationstatedisplay.obj
c:\users\david\documents\visual studio 2015\projects\elevatorsimulation\elevatorsimulation\debug\elevatorsimulation.obj
c:\users\david\documents\visual studio 2015\projects\elevatorsimulation\elevatorsimulation\debug\simulationinput.obj
c:\users\david\documents\visual studio 2015\projects\elevatorsimulation\elevatorsimulation\debug\simulationstate.obj
c:\users\david\documents\visual studio 2015\projects\elevatorsimulation\elevatorsimulation\debug\elevatorcontroller.obj
c:\users\david\documents\visual studio 2015\projects\elevatorsimulation\debug\elevatorsimulation.ilk
c:\users\david\documents\visual studio 2015\projects\elevatorsimulation\debug\elevatorsimulation.exe
c:\users\david\documents\visual studio 2015\projects\elevatorsimulation\debug\elevatorsimulation.pdb
c:\users\david\documents\visual studio 2015\projects\elevatorsimulation\elevatorsimulation\debug\elevator.03a1989d.tlog\cl.command.1.tlog
c:\users\david\documents\visual studio 2015\projects\elevatorsimulation\elevatorsimulation\debug\elevator.03a1989d.tlog\cl.read.1.tlog
c:\users\david\documents\visual studio 2015\projects\elevatorsimulation\elevatorsimulation\debug\elevator.03a1989d.tlog\cl.write.1.tlog
c:\users\david\documents\visual studio 2015\projects\elevatorsimulation\elevatorsimulation\debug\elevator.03a1989d.tlog\link.command.1.tlog
c:\users\david\documents\visual studio 2015\projects\elevatorsimulation\elevatorsimulation\debug\elevator.03a1989d.tlog\link.read.1.tlog
c:\users\david\documents\visual studio 2015\projects\elevatorsimulation\elevatorsimulation\debug\elevator.03a1989d.tlog\link.write.1.tlog
